info it worked if it ends with ok
verbose cli [ 'node', '/usr/local/bin/npm', 'install' ]
info using npm@1.1.2
info using node@v0.6.11
verbose /usr/local/bin/node node symlink
verbose config file /Users/kknight/.npmrc
verbose config file /usr/local/etc/npmrc
verbose config file /usr/local/lib/node_modules/npm/npmrc
verbose caching /Users/kknight/Sites/theableview/package.json
verbose loadDefaults theableview@0.0.1
verbose readDependencies: using package.json deps
verbose where, deps [ '/Users/kknight/Sites/theableview',
verbose where, deps   [ 'express',
verbose where, deps     'jade',
verbose where, deps     'socket.io',
verbose where, deps     'nodemailer',
verbose where, deps     'connect-redis',
verbose where, deps     'node-uuid',
verbose where, deps     'colors',
verbose where, deps     'supervisor',
verbose where, deps     'request',
verbose where, deps     'url',
verbose where, deps     'fs' ] ]
verbose from cache /Users/kknight/Sites/theableview/package.json
info preinstall theableview@0.0.1
verbose caching /Users/kknight/Sites/theableview/node_modules/colors/package.json
verbose caching /Users/kknight/Sites/theableview/node_modules/connect-redis/package.json
verbose caching /Users/kknight/Sites/theableview/node_modules/bean/package.json
verbose caching /Users/kknight/Sites/theableview/node_modules/ender-json/package.json
verbose caching /Users/kknight/Sites/theableview/node_modules/express/package.json
verbose caching /Users/kknight/Sites/theableview/node_modules/jade/package.json
verbose caching /Users/kknight/Sites/theableview/node_modules/bonzo/package.json
verbose caching /Users/kknight/Sites/theableview/node_modules/node-uuid/package.json
verbose caching /Users/kknight/Sites/theableview/node_modules/nodemailer/package.json
verbose caching /Users/kknight/Sites/theableview/node_modules/domready/package.json
verbose caching /Users/kknight/Sites/theableview/node_modules/request/package.json
verbose caching /Users/kknight/Sites/theableview/node_modules/jeesh/package.json
verbose caching /Users/kknight/Sites/theableview/node_modules/socket.io/package.json
verbose caching /Users/kknight/Sites/theableview/node_modules/ender-js/package.json
verbose caching /Users/kknight/Sites/theableview/node_modules/reqwest/package.json
verbose caching /Users/kknight/Sites/theableview/node_modules/supervisor/package.json
verbose caching /Users/kknight/Sites/theableview/node_modules/qwery/package.json
verbose caching /Users/kknight/Sites/theableview/node_modules/url/package.json
verbose from cache /Users/kknight/Sites/theableview/package.json
verbose readDependencies: using package.json deps
verbose from cache /Users/kknight/Sites/theableview/node_modules/bean/package.json
verbose from cache /Users/kknight/Sites/theableview/node_modules/bonzo/package.json
verbose from cache /Users/kknight/Sites/theableview/node_modules/colors/package.json
verbose from cache /Users/kknight/Sites/theableview/node_modules/connect-redis/package.json
verbose from cache /Users/kknight/Sites/theableview/node_modules/domready/package.json
verbose from cache /Users/kknight/Sites/theableview/node_modules/ender-js/package.json
verbose from cache /Users/kknight/Sites/theableview/node_modules/ender-json/package.json
verbose from cache /Users/kknight/Sites/theableview/node_modules/express/package.json
verbose from cache /Users/kknight/Sites/theableview/node_modules/jade/package.json
verbose from cache /Users/kknight/Sites/theableview/node_modules/jeesh/package.json
verbose from cache /Users/kknight/Sites/theableview/node_modules/node-uuid/package.json
verbose from cache /Users/kknight/Sites/theableview/node_modules/nodemailer/package.json
verbose from cache /Users/kknight/Sites/theableview/node_modules/qwery/package.json
verbose from cache /Users/kknight/Sites/theableview/node_modules/request/package.json
verbose from cache /Users/kknight/Sites/theableview/node_modules/reqwest/package.json
verbose from cache /Users/kknight/Sites/theableview/node_modules/socket.io/package.json
verbose from cache /Users/kknight/Sites/theableview/node_modules/supervisor/package.json
verbose from cache /Users/kknight/Sites/theableview/node_modules/url/package.json
verbose already installed in /Users/kknight/Sites/theableview skipping node-uuid@>= 1.3.3
verbose already installed in /Users/kknight/Sites/theableview skipping colors@>= 0.6.0-1
verbose already installed in /Users/kknight/Sites/theableview skipping supervisor@>= 0.3.0
verbose already installed in /Users/kknight/Sites/theableview skipping request@>= 2.9.202
verbose already installed in /Users/kknight/Sites/theableview skipping url@*
verbose cache add [ 'fs@*', null ]
silly cache add: name, spec, args [ undefined, 'fs@*', [ 'fs@*', null ] ]
verbose parsed url { pathname: 'fs@*', path: 'fs@*', href: 'fs@*' }
silly cache add: name, spec, args [ 'fs', '*', [ 'fs', '*' ] ]
verbose parsed url { pathname: '*', path: '*', href: '*' }
verbose addNamed [ 'fs', '*' ]
verbose addNamed [ null, '' ]
silly name, range, hasData [ 'fs', '', false ]
verbose already installed in /Users/kknight/Sites/theableview skipping express@2.5.9
verbose already installed in /Users/kknight/Sites/theableview skipping jade@>= 0.25.0
verbose already installed in /Users/kknight/Sites/theableview skipping socket.io@>= 0.9.6
verbose already installed in /Users/kknight/Sites/theableview skipping nodemailer@>= 0.3.18
verbose already installed in /Users/kknight/Sites/theableview skipping connect-redis@>= 1.3.0
verbose raw, before any munging fs
verbose url resolving [ 'https://registry.npmjs.org/', './fs' ]
verbose url resolved https://registry.npmjs.org/fs
http GET https://registry.npmjs.org/fs
http 404 https://registry.npmjs.org/fs
silly get cb [ 404,
silly get cb   { server: 'CouchDB/1.2.0 (Erlang OTP/R15B)',
silly get cb     date: 'Wed, 25 Apr 2012 17:37:01 GMT',
silly get cb     'content-type': 'application/json',
silly get cb     'content-length': '52',
silly get cb     'cache-control': 'must-revalidate' } ]
ERR! 404 'fs' is not in the npm registry.
ERR! 404 You should bug the author to publish it
ERR! 404 Note that you can also install from a
ERR! 404 tarball, folder, or http url, or git url.
ERR! 
ERR! System Darwin 11.3.0
ERR! command "node" "/usr/local/bin/npm" "install"
ERR! cwd /Users/kknight/Sites/theableview
ERR! node -v v0.6.11
ERR! npm -v 1.1.2
ERR! code E404
ERR! message 404 Not Found: fs
ERR! errno {}
verbose exit [ 1, true ]
